18:29:07.483 INFO  assignment1.BookListController$1 : double-clicked Moby Dick by Herman Melville
18:29:13.938 INFO  assignment1.BookDetailController : Saved
18:39:04.337 INFO  assignment1.BookListController$1 : double-clicked Rise of the Necromancer by James Goldsmith
18:40:25.014 INFO  assignment1.BookListController$1 : double-clicked The Plunger by Diego Gonzales
18:42:23.863 INFO  assignment1.BookListController$1 : double-clicked Pyrotechnic Life Hacks by Tyler Rasmussen
19:10:28.405 INFO  assignment1.BookListController$1 : double-clicked Moby Dick by Herman Melville
19:10:33.689 INFO  assignment1.BookDetailController : Saved
19:10:49.663 INFO  assignment1.BookListController$1 : double-clicked Moby Dick by Herman Melville
19:11:21.778 INFO  assignment1.BookDetailController : Saved
21:58:35.879 INFO  assignment1.BookDetailController : Saved
21:59:14.625 INFO  assignment1.BookListController$1 : double-clicked The Plunger by Diego Gonzales
21:59:16.468 INFO  assignment1.BookDetailController : Saved
21:59:17.527 INFO  assignment1.BookDetailController : Saved
21:59:23.289 INFO  assignment1.BookListController$1 : double-clicked Art of the Script Kiddy by Sabrina Mosher
21:59:25.110 INFO  assignment1.BookDetailController : Saved
22:12:18.371 INFO  assignment1.BookListController$1 : double-clicked Rise of the Necromancer by James Goldsmith
22:13:03.062 INFO  assignment1.BookListController$1 : double-clicked Moby Dick by Herman Melville
22:13:04.859 INFO  assignment1.BookDetailController : Saved
22:13:05.920 INFO  assignment1.BookDetailController : Saved
22:13:43.507 INFO  assignment1.BookDetailController : Saved
